Using pre-set license
Built from '2022.1/staging' branch; Version is '2022.1.16f1 (7321c9670bc2) revision 7545289'; Using compiler version '192829333'; Build Type 'Release'
OS: 'Windows 10  (10.0.19044) 64bit Professional' Language: 'en' Physical Memory: 16204 MB
BatchMode: 1, IsHumanControllingUs: 0, StartBugReporterOnCrash: 0, Is64bit: 1, IsPro: 1

COMMAND LINE ARGUMENTS:
C:\Program Files\Unity\Hub\Editor\2022.1.16f1\Editor\Unity.exe
-adb2
-batchMode
-noUpm
-name
AssetImportWorker0
-projectPath
D:/Program Files (x86)/Unity Projects/Jim Rat
-logFile
Logs/AssetImportWorker0.log
-srvPort
57600
Successfully changed project path to: D:/Program Files (x86)/Unity Projects/Jim Rat
D:/Program Files (x86)/Unity Projects/Jim Rat
[UnityMemory] Configuration Parameters - Can be set up in boot.config
    "memorysetup-bucket-allocator-granularity=16"
    "memorysetup-bucket-allocator-bucket-count=8"
    "memorysetup-bucket-allocator-block-size=33554432"
    "memorysetup-bucket-allocator-block-count=8"
    "memorysetup-main-allocator-block-size=16777216"
    "memorysetup-thread-allocator-block-size=16777216"
    "memorysetup-gfx-main-allocator-block-size=16777216"
    "memorysetup-gfx-thread-allocator-block-size=16777216"
    "memorysetup-cache-allocator-block-size=4194304"
    "memorysetup-typetree-allocator-block-size=2097152"
    "memorysetup-profiler-bucket-allocator-granularity=16"
    "memorysetup-profiler-bucket-allocator-bucket-count=8"
    "memorysetup-profiler-bucket-allocator-block-size=33554432"
    "memorysetup-profiler-bucket-allocator-block-count=8"
    "memorysetup-profiler-allocator-block-size=16777216"
    "memorysetup-profiler-editor-allocator-block-size=1048576"
    "memorysetup-temp-allocator-size-main=16777216"
    "memorysetup-job-temp-allocator-block-size=2097152"
    "memorysetup-job-temp-allocator-block-size-background=1048576"
    "memorysetup-job-temp-allocator-reduction-small-platforms=262144"
    "memorysetup-temp-allocator-size-background-worker=32768"
    "memorysetup-temp-allocator-size-job-worker=262144"
    "memorysetup-temp-allocator-size-preload-manager=33554432"
    "memorysetup-temp-allocator-size-nav-mesh-worker=65536"
    "memorysetup-temp-allocator-size-audio-worker=65536"
    "memorysetup-temp-allocator-size-cloud-worker=32768"
    "memorysetup-temp-allocator-size-gi-baking-worker=262144"
    "memorysetup-temp-allocator-size-gfx=262144"
Refreshing native plugins compatible for Editor in 107.72 ms, found 4 plugins.
Preloading 0 native plugins for Editor in 0.00 ms.
Initialize engine version: 2022.1.16f1 (7321c9670bc2)
[Subsystems] Discovering subsystems at path C:/Program Files/Unity/Hub/Editor/2022.1.16f1/Editor/Data/Resources/UnitySubsystems
[Subsystems] Discovering subsystems at path D:/Program Files (x86)/Unity Projects/Jim Rat/Assets
GfxDevice: creating device client; threaded=0; jobified=0
Direct3D:
    Version:  Direct3D 11.0 [level 11.1]
    Renderer: NVIDIA GeForce RTX 2080 Super (ID=0x1e93)
    Vendor:   NVIDIA
    VRAM:     8010 MB
    Driver:   30.0.15.1259
Initialize mono
Mono path[0] = 'C:/Program Files/Unity/Hub/Editor/2022.1.16f1/Editor/Data/Managed'
Mono path[1] = 'C:/Program Files/Unity/Hub/Editor/2022.1.16f1/Editor/Data/MonoBleedingEdge/lib/mono/unityjit-win32'
Mono config path = 'C:/Program Files/Unity/Hub/Editor/2022.1.16f1/Editor/Data/MonoBleedingEdge/etc'
Using monoOptions --debugger-agent=transport=dt_socket,embedding=1,server=y,suspend=n,address=127.0.0.1:56972
Begin MonoManager ReloadAssembly
Registering precompiled unity dll's ...
Register platform support module: C:/Program Files/Unity/Hub/Editor/2022.1.16f1/Editor/Data/PlaybackEngines/WindowsStandaloneSupport/UnityEditor.WindowsStandalone.Extensions.dll
Registered in 0.008479 seconds.
Native extension for WindowsStandalone target not found
Refreshing native plugins compatible for Editor in 102.78 ms, found 4 plugins.
Preloading 0 native plugins for Editor in 0.00 ms.
Mono: successfully reloaded assembly
- Completed reload, in  0.748 seconds
Domain Reload Profiling:
	ReloadAssembly (748ms)
		BeginReloadAssembly (114ms)
			ExecutionOrderSort (0ms)
			DisableScriptedObjects (0ms)
			BackupInstance (0ms)
			ReleaseScriptingObjects (0ms)
			CreateAndSetChildDomain (1ms)
		EndReloadAssembly (514ms)
			LoadAssemblies (111ms)
			RebuildTransferFunctionScriptingTraits (0ms)
			SetupTypeCache (121ms)
				TypeCache.Initialize (120ms)
					TypeCache.ScanAssembly (118ms)
				ResolveRequiredComponents (1ms)
			ReleaseScriptCaches (0ms)
			RebuildScriptCaches (34ms)
			SetupLoadedEditorAssemblies (302ms)
				LogAssemblyErrors (0ms)
				InitializePlatformSupportModulesInManaged (8ms)
				SetLoadedEditorAssemblies (7ms)
				RefreshPlugins (103ms)
				BeforeProcessingInitializeOnLoad (1ms)
				ProcessInitializeOnLoadAttributes (131ms)
				ProcessInitializeOnLoadMethodAttributes (51ms)
				AfterProcessingInitializeOnLoad (0ms)
				EditorAssembliesLoaded (0ms)
			ExecutionOrderSort2 (0ms)
			AwakeInstancesAfterBackupRestoration (0ms)
Platform modules already initialized, skipping
Registering precompiled user dll's ...
Registered in 0.005344 seconds.
Begin MonoManager ReloadAssembly
Symbol file LoadedFromMemory doesn't match image D:\Program Files (x86)\Unity Projects\Jim Rat\Library\PackageCache\com.unity.visualscripting@1.7.8\Editor\VisualScripting.Core\Dependencies\YamlDotNet\Unity.VisualScripting.YamlDotNet.dll
Symbol file LoadedFromMemory doesn't match image D:\Program Files (x86)\Unity Projects\Jim Rat\Library\PackageCache\com.unity.visualscripting@1.7.8\Editor\VisualScripting.Core\Dependencies\DotNetZip\Unity.VisualScripting.IonicZip.dll
Native extension for WindowsStandalone target not found
Refreshing native plugins compatible for Editor in 107.54 ms, found 4 plugins.
Preloading 0 native plugins for Editor in 0.00 ms.
Mono: successfully reloaded assembly
- Completed reload, in  1.267 seconds
Domain Reload Profiling:
	ReloadAssembly (1268ms)
		BeginReloadAssembly (108ms)
			ExecutionOrderSort (0ms)
			DisableScriptedObjects (5ms)
			BackupInstance (0ms)
			ReleaseScriptingObjects (0ms)
			CreateAndSetChildDomain (19ms)
		EndReloadAssembly (1036ms)
			LoadAssemblies (116ms)
			RebuildTransferFunctionScriptingTraits (0ms)
			SetupTypeCache (262ms)
				TypeCache.Initialize (258ms)
					TypeCache.ScanAssembly (253ms)
				ResolveRequiredComponents (4ms)
			ReleaseScriptCaches (1ms)
			RebuildScriptCaches (65ms)
			SetupLoadedEditorAssemblies (532ms)
				LogAssemblyErrors (0ms)
				InitializePlatformSupportModulesInManaged (4ms)
				SetLoadedEditorAssemblies (8ms)
				RefreshPlugins (108ms)
				BeforeProcessingInitializeOnLoad (97ms)
				ProcessInitializeOnLoadAttributes (271ms)
				ProcessInitializeOnLoadMethodAttributes (38ms)
				AfterProcessingInitializeOnLoad (7ms)
				EditorAssembliesLoaded (0ms)
			ExecutionOrderSort2 (0ms)
			AwakeInstancesAfterBackupRestoration (5ms)
Platform modules already initialized, skipping
========================================================================
Worker process is ready to serve import requests
Launched and connected shader compiler UnityShaderCompiler.exe after 0.04 seconds
Refreshing native plugins compatible for Editor in 0.73 ms, found 4 plugins.
Preloading 0 native plugins for Editor in 0.00 ms.
Unloading 4441 Unused Serialized files (Serialized files now loaded: 0)
Unloading 42 unused Assets / (58.4 KB). Loaded Objects now: 4901.
Memory consumption went from 0.67 GB to 0.67 GB.
Total: 4.350000 ms (FindLiveObjects: 0.430600 ms CreateObjectMapping: 0.591300 ms MarkObjects: 3.208200 ms  DeleteObjects: 0.118500 ms)

AssetImportParameters requested are different than current active one (requested -> active):
  custom:video-decoder-ogg-theora: a1e56fd34408186e4bbccfd4996cb3dc -> 
  custom:container-muxer-webm: aa71ff27fc2769a1b78a27578f13a17b -> 
  custom:container-demuxer-webm: 4f35f7cbe854078d1ac9338744f61a02 -> 
  custom:video-encoder-webm-vp8: eb34c28f22e8b96e1ab97ce403110664 -> 
  custom:video-codec-MediaFoundation-h265: e54d7ab0439102e2317fc1e4b246158d -> 
  custom:audio-encoder-webm-vorbis: bf7c407c2cedff20999df2af8eb42d56 -> 
  custom:framework-win-MediaFoundation: 216162199b28c13a410421893ffa2e32 -> 
  custom:container-demuxer-ogg: 62fdf1f143b41e24485cea50d1cbac27 -> 
  custom:video-decoder-webm-vp8: 9c59270c3fd7afecdb556c50c9e8de78 -> 
  custom:audio-decoder-ogg-vorbis: bf7c407c2cedff20999df2af8eb42d56 -> 
========================================================================
Received Import Request.
  Time since last request: 189392.028155 seconds.
  path: Assets/Objects/Collectables
  artifactKey: Guid(ff92420ea8c7f5645b3a855a87fb8434) Importer(815301076,1909f56bfc062723c751e8b465ee728b)
Start importing Assets/Objects/Collectables using Guid(ff92420ea8c7f5645b3a855a87fb8434) Importer(815301076,1909f56bfc062723c751e8b465ee728b)  -> (artifact id: '978a3c3df015214eb69e628f20b066a8') in 0.005226 seconds 
========================================================================
Received Import Request.
  Time since last request: 8.897324 seconds.
  path: Assets/Objects/Collectables/Coin.prefab
  artifactKey: Guid(1eac900abbd4f6a4eaf744adde2288b4) Importer(815301076,1909f56bfc062723c751e8b465ee728b)
Start importing Assets/Objects/Collectables/Coin.prefab using Guid(1eac900abbd4f6a4eaf744adde2288b4) Importer(815301076,1909f56bfc062723c751e8b465ee728b)  -> (artifact id: 'ff5725782cc5a9ee6a60e627eac41417') in 0.052101 seconds 
========================================================================
Received Import Request.
  Time since last request: 66.757745 seconds.
  path: Assets/Objects/Collectables/coinSprite.png
  artifactKey: Guid(33068d495ba65304f979dec25d62efda) Importer(815301076,1909f56bfc062723c751e8b465ee728b)
Start importing Assets/Objects/Collectables/coinSprite.png using Guid(33068d495ba65304f979dec25d62efda) Importer(815301076,1909f56bfc062723c751e8b465ee728b)  -> (artifact id: '1a1ecac815fcd1524b76966a25d34f9c') in 0.115823 seconds 
========================================================================
Received Import Request.
  Time since last request: 2.442152 seconds.
  path: Assets/Objects/Collectables/Coin.prefab
  artifactKey: Guid(1eac900abbd4f6a4eaf744adde2288b4) Importer(815301076,1909f56bfc062723c751e8b465ee728b)
Start importing Assets/Objects/Collectables/Coin.prefab using Guid(1eac900abbd4f6a4eaf744adde2288b4) Importer(815301076,1909f56bfc062723c751e8b465ee728b)  -> (artifact id: '00c35c8e8bdc37b79933c0e69412f75c') in 0.034431 seconds 
========================================================================
Received Import Request.
  Time since last request: 49.623562 seconds.
  path: Assets/Objects/Collectables/Coin.prefab
  artifactKey: Guid(1eac900abbd4f6a4eaf744adde2288b4) Importer(815301076,1909f56bfc062723c751e8b465ee728b)
Start importing Assets/Objects/Collectables/Coin.prefab using Guid(1eac900abbd4f6a4eaf744adde2288b4) Importer(815301076,1909f56bfc062723c751e8b465ee728b)  -> (artifact id: '3e74c8c417832c65c118e8981383c301') in 0.006125 seconds 
========================================================================
Received Import Request.
  Time since last request: 33.080101 seconds.
  path: Assets/Objects/Collectables/Coin Sprite.png
  artifactKey: Guid(38c48407bf257354487e16539e232081) Importer(815301076,1909f56bfc062723c751e8b465ee728b)
Start importing Assets/Objects/Collectables/Coin Sprite.png using Guid(38c48407bf257354487e16539e232081) Importer(815301076,1909f56bfc062723c751e8b465ee728b)  -> (artifact id: '8dc6742e41d573db335a07646675dbde') in 0.033588 seconds 
========================================================================
Received Import Request.
  Time since last request: 16.333421 seconds.
  path: Assets/Objects/Collectables/Coin.prefab
  artifactKey: Guid(1eac900abbd4f6a4eaf744adde2288b4) Importer(815301076,1909f56bfc062723c751e8b465ee728b)
Start importing Assets/Objects/Collectables/Coin.prefab using Guid(1eac900abbd4f6a4eaf744adde2288b4) Importer(815301076,1909f56bfc062723c751e8b465ee728b)  -> (artifact id: 'e040e59c12921937735844f688f0c5db') in 0.011707 seconds 
========================================================================
Received Import Request.
  Time since last request: 5.695664 seconds.
  path: Assets/Objects/Collectables/Coin.prefab
  artifactKey: Guid(1eac900abbd4f6a4eaf744adde2288b4) Importer(815301076,1909f56bfc062723c751e8b465ee728b)
Start importing Assets/Objects/Collectables/Coin.prefab using Guid(1eac900abbd4f6a4eaf744adde2288b4) Importer(815301076,1909f56bfc062723c751e8b465ee728b)  -> (artifact id: '78153989df785e5a8aeb24f51b547942') in 0.013649 seconds 
========================================================================
Received Import Request.
  Time since last request: 2.409183 seconds.
  path: Assets/Objects/Collectables/Coin.prefab
  artifactKey: Guid(1eac900abbd4f6a4eaf744adde2288b4) Importer(815301076,1909f56bfc062723c751e8b465ee728b)
Start importing Assets/Objects/Collectables/Coin.prefab using Guid(1eac900abbd4f6a4eaf744adde2288b4) Importer(815301076,1909f56bfc062723c751e8b465ee728b)  -> (artifact id: '1d5b898d98124ac872d78e4d2c3a2874') in 0.014424 seconds 
========================================================================
Received Import Request.
  Time since last request: 1.590663 seconds.
  path: Assets/Objects/Collectables/Coin.prefab
  artifactKey: Guid(1eac900abbd4f6a4eaf744adde2288b4) Importer(815301076,1909f56bfc062723c751e8b465ee728b)
Start importing Assets/Objects/Collectables/Coin.prefab using Guid(1eac900abbd4f6a4eaf744adde2288b4) Importer(815301076,1909f56bfc062723c751e8b465ee728b)  -> (artifact id: '991d91f1c6327ae7e246cdad40a95d4e') in 0.027021 seconds 
========================================================================
Received Import Request.
  Time since last request: 5.222025 seconds.
  path: Assets/Objects/Collectables/Coin.prefab
  artifactKey: Guid(1eac900abbd4f6a4eaf744adde2288b4) Importer(815301076,1909f56bfc062723c751e8b465ee728b)
Start importing Assets/Objects/Collectables/Coin.prefab using Guid(1eac900abbd4f6a4eaf744adde2288b4) Importer(815301076,1909f56bfc062723c751e8b465ee728b)  -> (artifact id: 'dbd9b7c41a86f3d93133a0562c60d52c') in 0.021322 seconds 
========================================================================
Received Import Request.
  Time since last request: 2.993081 seconds.
  path: Assets/Objects/Collectables/Coin.prefab
  artifactKey: Guid(1eac900abbd4f6a4eaf744adde2288b4) Importer(815301076,1909f56bfc062723c751e8b465ee728b)
Start importing Assets/Objects/Collectables/Coin.prefab using Guid(1eac900abbd4f6a4eaf744adde2288b4) Importer(815301076,1909f56bfc062723c751e8b465ee728b)  -> (artifact id: 'f9d3fff23c14aacdcc14597da7b88068') in 0.009258 seconds 
========================================================================
Received Import Request.
  Time since last request: 0.997003 seconds.
  path: Assets/Objects/Collectables/Coin.prefab
  artifactKey: Guid(1eac900abbd4f6a4eaf744adde2288b4) Importer(815301076,1909f56bfc062723c751e8b465ee728b)
Start importing Assets/Objects/Collectables/Coin.prefab using Guid(1eac900abbd4f6a4eaf744adde2288b4) Importer(815301076,1909f56bfc062723c751e8b465ee728b)  -> (artifact id: '026155fa2905aa6b9a99da47d8c5ac18') in 0.011890 seconds 
========================================================================
Received Import Request.
  Time since last request: 37.559313 seconds.
  path: Assets/Objects/Collectables/Coin.prefab
  artifactKey: Guid(1eac900abbd4f6a4eaf744adde2288b4) Importer(815301076,1909f56bfc062723c751e8b465ee728b)
Start importing Assets/Objects/Collectables/Coin.prefab using Guid(1eac900abbd4f6a4eaf744adde2288b4) Importer(815301076,1909f56bfc062723c751e8b465ee728b)  -> (artifact id: 'a16e77f59145e49fb6853a7336377f70') in 0.008521 seconds 
========================================================================
Received Import Request.
  Time since last request: 105.392155 seconds.
  path: Assets/Objects/Collectables/Coin Sprite.png
  artifactKey: Guid(38c48407bf257354487e16539e232081) Importer(815301076,1909f56bfc062723c751e8b465ee728b)
Start importing Assets/Objects/Collectables/Coin Sprite.png using Guid(38c48407bf257354487e16539e232081) Importer(815301076,1909f56bfc062723c751e8b465ee728b)  -> (artifact id: 'e5ced83a91352163f9fbce828d439ce8') in 0.031668 seconds 
========================================================================
Received Import Request.
  Time since last request: 1.877999 seconds.
  path: Assets/Objects/Collectables/NicePng_8-bit-mario-png_1648732.png
  artifactKey: Guid(7fc0dfe5b5fa62742b63e239c9bf2ac0) Importer(815301076,1909f56bfc062723c751e8b465ee728b)
Start importing Assets/Objects/Collectables/NicePng_8-bit-mario-png_1648732.png using Guid(7fc0dfe5b5fa62742b63e239c9bf2ac0) Importer(815301076,1909f56bfc062723c751e8b465ee728b)  -> (artifact id: '87f7f34873e619cfd5132eb17730f7ca') in 0.048961 seconds 
========================================================================
Received Import Request.
  Time since last request: 14.589842 seconds.
  path: Assets/Objects/Collectables/Coin.prefab
  artifactKey: Guid(1eac900abbd4f6a4eaf744adde2288b4) Importer(815301076,1909f56bfc062723c751e8b465ee728b)
Start importing Assets/Objects/Collectables/Coin.prefab using Guid(1eac900abbd4f6a4eaf744adde2288b4) Importer(815301076,1909f56bfc062723c751e8b465ee728b)  -> (artifact id: '82a8681ab9ba5f90837ad1c6036097fb') in 0.005777 seconds 
========================================================================
Received Import Request.
  Time since last request: 3.905406 seconds.
  path: Assets/Objects/Collectables/Coin.prefab
  artifactKey: Guid(1eac900abbd4f6a4eaf744adde2288b4) Importer(815301076,1909f56bfc062723c751e8b465ee728b)
Start importing Assets/Objects/Collectables/Coin.prefab using Guid(1eac900abbd4f6a4eaf744adde2288b4) Importer(815301076,1909f56bfc062723c751e8b465ee728b)  -> (artifact id: '2896f997ac6522a3688720f6183ddabb') in 0.020738 seconds 
========================================================================
Received Import Request.
  Time since last request: 4.412226 seconds.
  path: Assets/Objects/Collectables/Coin.prefab
  artifactKey: Guid(1eac900abbd4f6a4eaf744adde2288b4) Importer(815301076,1909f56bfc062723c751e8b465ee728b)
Start importing Assets/Objects/Collectables/Coin.prefab using Guid(1eac900abbd4f6a4eaf744adde2288b4) Importer(815301076,1909f56bfc062723c751e8b465ee728b)  -> (artifact id: '35edafdcb521ca4d67dfaf4bfcfeb8ec') in 0.009409 seconds 
========================================================================
Received Import Request.
  Time since last request: 3.412564 seconds.
  path: Assets/Objects/Collectables/Coin.prefab
  artifactKey: Guid(1eac900abbd4f6a4eaf744adde2288b4) Importer(815301076,1909f56bfc062723c751e8b465ee728b)
Start importing Assets/Objects/Collectables/Coin.prefab using Guid(1eac900abbd4f6a4eaf744adde2288b4) Importer(815301076,1909f56bfc062723c751e8b465ee728b)  -> (artifact id: 'ec3e3fea7b3fac95c55c71b206f3e644') in 0.014740 seconds 
========================================================================
Received Import Request.
  Time since last request: 1.399071 seconds.
  path: Assets/Objects/Collectables/Coin.prefab
  artifactKey: Guid(1eac900abbd4f6a4eaf744adde2288b4) Importer(815301076,1909f56bfc062723c751e8b465ee728b)
Start importing Assets/Objects/Collectables/Coin.prefab using Guid(1eac900abbd4f6a4eaf744adde2288b4) Importer(815301076,1909f56bfc062723c751e8b465ee728b)  -> (artifact id: '08f25d9b51cc0d16d11649f2fa60c5ed') in 0.016860 seconds 
========================================================================
Received Import Request.
  Time since last request: 1.388933 seconds.
  path: Assets/Objects/Collectables/Coin.prefab
  artifactKey: Guid(1eac900abbd4f6a4eaf744adde2288b4) Importer(815301076,1909f56bfc062723c751e8b465ee728b)
Start importing Assets/Objects/Collectables/Coin.prefab using Guid(1eac900abbd4f6a4eaf744adde2288b4) Importer(815301076,1909f56bfc062723c751e8b465ee728b)  -> (artifact id: '03ec566dcd9cefcfd64823933801eef7') in 0.016809 seconds 
========================================================================
Received Import Request.
  Time since last request: 1.794865 seconds.
  path: Assets/Objects/Collectables/Coin.prefab
  artifactKey: Guid(1eac900abbd4f6a4eaf744adde2288b4) Importer(815301076,1909f56bfc062723c751e8b465ee728b)
Start importing Assets/Objects/Collectables/Coin.prefab using Guid(1eac900abbd4f6a4eaf744adde2288b4) Importer(815301076,1909f56bfc062723c751e8b465ee728b)  -> (artifact id: 'a2e23dc9f4d9f1f80405310b369ab5aa') in 0.014238 seconds 
========================================================================
Received Import Request.
  Time since last request: 1.793028 seconds.
  path: Assets/Objects/Collectables/Coin.prefab
  artifactKey: Guid(1eac900abbd4f6a4eaf744adde2288b4) Importer(815301076,1909f56bfc062723c751e8b465ee728b)
Start importing Assets/Objects/Collectables/Coin.prefab using Guid(1eac900abbd4f6a4eaf744adde2288b4) Importer(815301076,1909f56bfc062723c751e8b465ee728b)  -> (artifact id: 'bdb0af35475032b4e6da0d075c6e3315') in 0.017884 seconds 
========================================================================
Received Import Request.
  Time since last request: 12.712244 seconds.
  path: Assets/Objects/Collectables/Coin.prefab
  artifactKey: Guid(1eac900abbd4f6a4eaf744adde2288b4) Importer(815301076,1909f56bfc062723c751e8b465ee728b)
Start importing Assets/Objects/Collectables/Coin.prefab using Guid(1eac900abbd4f6a4eaf744adde2288b4) Importer(815301076,1909f56bfc062723c751e8b465ee728b)  -> (artifact id: 'd0ef00ec6329e33ba0dc1e3751509ff1') in 0.017539 seconds 
========================================================================
Received Import Request.
  Time since last request: 11.940817 seconds.
  path: Assets/Objects/Collectables/Coin.png
  artifactKey: Guid(7fc0dfe5b5fa62742b63e239c9bf2ac0) Importer(815301076,1909f56bfc062723c751e8b465ee728b)
Start importing Assets/Objects/Collectables/Coin.png using Guid(7fc0dfe5b5fa62742b63e239c9bf2ac0) Importer(815301076,1909f56bfc062723c751e8b465ee728b)  -> (artifact id: '6871025d0c2f68d7065338d13ec7905e') in 0.043519 seconds 
========================================================================
Received Import Request.
  Time since last request: 6.766156 seconds.
  path: Assets/Objects/Collectables/Coin.prefab
  artifactKey: Guid(1eac900abbd4f6a4eaf744adde2288b4) Importer(815301076,1909f56bfc062723c751e8b465ee728b)
Start importing Assets/Objects/Collectables/Coin.prefab using Guid(1eac900abbd4f6a4eaf744adde2288b4) Importer(815301076,1909f56bfc062723c751e8b465ee728b)  -> (artifact id: '0a8944414eaecc05a9de363fdcb4075a') in 0.026916 seconds 
========================================================================
Received Import Request.
  Time since last request: 17.322426 seconds.
  path: Assets/Objects/Collectables/Coin.prefab
  artifactKey: Guid(1eac900abbd4f6a4eaf744adde2288b4) Importer(815301076,1909f56bfc062723c751e8b465ee728b)
Start importing Assets/Objects/Collectables/Coin.prefab using Guid(1eac900abbd4f6a4eaf744adde2288b4) Importer(815301076,1909f56bfc062723c751e8b465ee728b)  -> (artifact id: '75b2d088cb34c1df5bdea240a078c3fd') in 0.021857 seconds 
========================================================================
Received Import Request.
  Time since last request: 4.203391 seconds.
  path: Assets/Objects/Collectables/Coin.prefab
  artifactKey: Guid(1eac900abbd4f6a4eaf744adde2288b4) Importer(815301076,1909f56bfc062723c751e8b465ee728b)
Start importing Assets/Objects/Collectables/Coin.prefab using Guid(1eac900abbd4f6a4eaf744adde2288b4) Importer(815301076,1909f56bfc062723c751e8b465ee728b)  -> (artifact id: '7e223f559b1fca7a9308c37e376e5170') in 0.008951 seconds 
========================================================================
Received Import Request.
  Time since last request: 2.203924 seconds.
  path: Assets/Objects/Collectables/Coin.prefab
  artifactKey: Guid(1eac900abbd4f6a4eaf744adde2288b4) Importer(815301076,1909f56bfc062723c751e8b465ee728b)
Start importing Assets/Objects/Collectables/Coin.prefab using Guid(1eac900abbd4f6a4eaf744adde2288b4) Importer(815301076,1909f56bfc062723c751e8b465ee728b)  -> (artifact id: '2a2fc507eea7ece2255126c692fc0171') in 0.016296 seconds 
========================================================================
Received Import Request.
  Time since last request: 2.403815 seconds.
  path: Assets/Objects/Collectables/Coin.prefab
  artifactKey: Guid(1eac900abbd4f6a4eaf744adde2288b4) Importer(815301076,1909f56bfc062723c751e8b465ee728b)
Start importing Assets/Objects/Collectables/Coin.prefab using Guid(1eac900abbd4f6a4eaf744adde2288b4) Importer(815301076,1909f56bfc062723c751e8b465ee728b)  -> (artifact id: '8a45abfeed2182f608ecbffb2b066f32') in 0.013566 seconds 
========================================================================
Received Import Request.
  Time since last request: 2.199619 seconds.
  path: Assets/Objects/Collectables/Coin.prefab
  artifactKey: Guid(1eac900abbd4f6a4eaf744adde2288b4) Importer(815301076,1909f56bfc062723c751e8b465ee728b)
Start importing Assets/Objects/Collectables/Coin.prefab using Guid(1eac900abbd4f6a4eaf744adde2288b4) Importer(815301076,1909f56bfc062723c751e8b465ee728b)  -> (artifact id: 'd1a206f6cdf0b530408702787e509d63') in 0.014560 seconds 
========================================================================
Received Import Request.
  Time since last request: 11.245301 seconds.
  path: Assets/Objects/Collectables/Coin.prefab
  artifactKey: Guid(1eac900abbd4f6a4eaf744adde2288b4) Importer(815301076,1909f56bfc062723c751e8b465ee728b)
Start importing Assets/Objects/Collectables/Coin.prefab using Guid(1eac900abbd4f6a4eaf744adde2288b4) Importer(815301076,1909f56bfc062723c751e8b465ee728b)  -> (artifact id: 'f661847a39bddfcc7c572217e2f3a765') in 0.023963 seconds 
========================================================================
Received Import Request.
  Time since last request: 3.414401 seconds.
  path: Assets/Objects/Collectables/Coin.prefab
  artifactKey: Guid(1eac900abbd4f6a4eaf744adde2288b4) Importer(815301076,1909f56bfc062723c751e8b465ee728b)
Start importing Assets/Objects/Collectables/Coin.prefab using Guid(1eac900abbd4f6a4eaf744adde2288b4) Importer(815301076,1909f56bfc062723c751e8b465ee728b)  -> (artifact id: '90191bac77a9f99d638f9ea188e20970') in 0.010181 seconds 
========================================================================
Received Import Request.
  Time since last request: 1.798979 seconds.
  path: Assets/Objects/Collectables/Coin.prefab
  artifactKey: Guid(1eac900abbd4f6a4eaf744adde2288b4) Importer(815301076,1909f56bfc062723c751e8b465ee728b)
Start importing Assets/Objects/Collectables/Coin.prefab using Guid(1eac900abbd4f6a4eaf744adde2288b4) Importer(815301076,1909f56bfc062723c751e8b465ee728b)  -> (artifact id: 'f3943beca1aadcc3bc27fec0ebd70b94') in 0.010114 seconds 
========================================================================
Received Import Request.
  Time since last request: 1.792741 seconds.
  path: Assets/Objects/Collectables/Coin.prefab
  artifactKey: Guid(1eac900abbd4f6a4eaf744adde2288b4) Importer(815301076,1909f56bfc062723c751e8b465ee728b)
Start importing Assets/Objects/Collectables/Coin.prefab using Guid(1eac900abbd4f6a4eaf744adde2288b4) Importer(815301076,1909f56bfc062723c751e8b465ee728b)  -> (artifact id: '8c21ca5f7839b6752e2353b855f41c13') in 0.018081 seconds 
========================================================================
Received Import Request.
  Time since last request: 2.595296 seconds.
  path: Assets/Objects/Collectables/Coin.prefab
  artifactKey: Guid(1eac900abbd4f6a4eaf744adde2288b4) Importer(815301076,1909f56bfc062723c751e8b465ee728b)
Start importing Assets/Objects/Collectables/Coin.prefab using Guid(1eac900abbd4f6a4eaf744adde2288b4) Importer(815301076,1909f56bfc062723c751e8b465ee728b)  -> (artifact id: '7ad323eb3851d18f1c21094f8cc4e03b') in 0.013140 seconds 
========================================================================
Received Import Request.
  Time since last request: 80.226611 seconds.
  path: Assets/Scripts
  artifactKey: Guid(ea4a83e67e548404bae847b4d0e35ae4) Importer(815301076,1909f56bfc062723c751e8b465ee728b)
Start importing Assets/Scripts using Guid(ea4a83e67e548404bae847b4d0e35ae4) Importer(815301076,1909f56bfc062723c751e8b465ee728b)  -> (artifact id: '04f4101daf6ed3a2b6ec781e8a084dc4') in 0.007261 seconds 
========================================================================
Received Import Request.
  Time since last request: 6.367828 seconds.
  path: Assets/Scripts/Collectable.cs
  artifactKey: Guid(aa93ef01ae6a8ab4eba5ecb4c9aeb7a5) Importer(815301076,1909f56bfc062723c751e8b465ee728b)
Start importing Assets/Scripts/Collectable.cs using Guid(aa93ef01ae6a8ab4eba5ecb4c9aeb7a5) Importer(815301076,1909f56bfc062723c751e8b465ee728b)  -> (artifact id: '1320101fa19a5e167cb13c1afab974eb') in 0.011757 seconds 
========================================================================
Received Prepare
Registering precompiled user dll's ...
Registered in 0.004349 seconds.
Begin MonoManager ReloadAssembly
Symbol file LoadedFromMemory doesn't match image D:\Program Files (x86)\Unity Projects\Jim Rat\Library\PackageCache\com.unity.visualscripting@1.7.8\Editor\VisualScripting.Core\Dependencies\YamlDotNet\Unity.VisualScripting.YamlDotNet.dll
Symbol file LoadedFromMemory doesn't match image D:\Program Files (x86)\Unity Projects\Jim Rat\Library\PackageCache\com.unity.visualscripting@1.7.8\Editor\VisualScripting.Core\Dependencies\DotNetZip\Unity.VisualScripting.IonicZip.dll
Native extension for WindowsStandalone target not found
Refreshing native plugins compatible for Editor in 0.80 ms, found 4 plugins.
Preloading 0 native plugins for Editor in 0.00 ms.
Mono: successfully reloaded assembly
- Completed reload, in  1.241 seconds
Domain Reload Profiling:
	ReloadAssembly (1241ms)
		BeginReloadAssembly (155ms)
			ExecutionOrderSort (0ms)
			DisableScriptedObjects (6ms)
			BackupInstance (0ms)
			ReleaseScriptingObjects (0ms)
			CreateAndSetChildDomain (44ms)
		EndReloadAssembly (978ms)
			LoadAssemblies (125ms)
			RebuildTransferFunctionScriptingTraits (0ms)
			SetupTypeCache (389ms)
				TypeCache.Initialize (382ms)
					TypeCache.ScanAssembly (375ms)
				ResolveRequiredComponents (7ms)
			ReleaseScriptCaches (2ms)
			RebuildScriptCaches (48ms)
			SetupLoadedEditorAssemblies (369ms)
				LogAssemblyErrors (0ms)
				InitializePlatformSupportModulesInManaged (12ms)
				SetLoadedEditorAssemblies (6ms)
				RefreshPlugins (1ms)
				BeforeProcessingInitializeOnLoad (75ms)
				ProcessInitializeOnLoadAttributes (230ms)
				ProcessInitializeOnLoadMethodAttributes (37ms)
				AfterProcessingInitializeOnLoad (9ms)
				EditorAssembliesLoaded (0ms)
			ExecutionOrderSort2 (0ms)
			AwakeInstancesAfterBackupRestoration (7ms)
Platform modules already initialized, skipping
Refreshing native plugins compatible for Editor in 2.07 ms, found 4 plugins.
Preloading 0 native plugins for Editor in 0.00 ms.
Unloading 4431 Unused Serialized files (Serialized files now loaded: 0)
Unloading 27 unused Assets / (25.4 KB). Loaded Objects now: 4922.
Memory consumption went from 0.68 GB to 0.68 GB.
Total: 3.288900 ms (FindLiveObjects: 0.342500 ms CreateObjectMapping: 0.262300 ms MarkObjects: 2.641100 ms  DeleteObjects: 0.042200 ms)

AssetImportParameters requested are different than current active one (requested -> active):
  custom:video-decoder-ogg-theora: a1e56fd34408186e4bbccfd4996cb3dc -> 
  custom:container-muxer-webm: aa71ff27fc2769a1b78a27578f13a17b -> 
  custom:container-demuxer-webm: 4f35f7cbe854078d1ac9338744f61a02 -> 
  custom:video-encoder-webm-vp8: eb34c28f22e8b96e1ab97ce403110664 -> 
  custom:video-codec-MediaFoundation-h265: e54d7ab0439102e2317fc1e4b246158d -> 
  custom:audio-encoder-webm-vorbis: bf7c407c2cedff20999df2af8eb42d56 -> 
  custom:framework-win-MediaFoundation: 216162199b28c13a410421893ffa2e32 -> 
  custom:container-demuxer-ogg: 62fdf1f143b41e24485cea50d1cbac27 -> 
  custom:video-decoder-webm-vp8: 9c59270c3fd7afecdb556c50c9e8de78 -> 
  custom:audio-decoder-ogg-vorbis: bf7c407c2cedff20999df2af8eb42d56 -> 
========================================================================
Received Prepare
Registering precompiled user dll's ...
Registered in 0.004684 seconds.
Begin MonoManager ReloadAssembly
Symbol file LoadedFromMemory doesn't match image D:\Program Files (x86)\Unity Projects\Jim Rat\Library\PackageCache\com.unity.visualscripting@1.7.8\Editor\VisualScripting.Core\Dependencies\YamlDotNet\Unity.VisualScripting.YamlDotNet.dll
Symbol file LoadedFromMemory doesn't match image D:\Program Files (x86)\Unity Projects\Jim Rat\Library\PackageCache\com.unity.visualscripting@1.7.8\Editor\VisualScripting.Core\Dependencies\DotNetZip\Unity.VisualScripting.IonicZip.dll
Native extension for WindowsStandalone target not found
Refreshing native plugins compatible for Editor in 0.91 ms, found 4 plugins.
Preloading 0 native plugins for Editor in 0.00 ms.
Mono: successfully reloaded assembly
- Completed reload, in  1.564 seconds
Domain Reload Profiling:
	ReloadAssembly (1565ms)
		BeginReloadAssembly (268ms)
			ExecutionOrderSort (0ms)
			DisableScriptedObjects (20ms)
			BackupInstance (0ms)
			ReleaseScriptingObjects (0ms)
			CreateAndSetChildDomain (97ms)
		EndReloadAssembly (1158ms)
			LoadAssemblies (134ms)
			RebuildTransferFunctionScriptingTraits (0ms)
			SetupTypeCache (336ms)
				TypeCache.Initialize (331ms)
					TypeCache.ScanAssembly (323ms)
				ResolveRequiredComponents (5ms)
			ReleaseScriptCaches (2ms)
			RebuildScriptCaches (65ms)
			SetupLoadedEditorAssemblies (554ms)
				LogAssemblyErrors (0ms)
				InitializePlatformSupportModulesInManaged (20ms)
				SetLoadedEditorAssemblies (13ms)
				RefreshPlugins (1ms)
				BeforeProcessingInitializeOnLoad (114ms)
				ProcessInitializeOnLoadAttributes (348ms)
				ProcessInitializeOnLoadMethodAttributes (47ms)
				AfterProcessingInitializeOnLoad (11ms)
				EditorAssembliesLoaded (0ms)
			ExecutionOrderSort2 (0ms)
			AwakeInstancesAfterBackupRestoration (10ms)
Platform modules already initialized, skipping
Refreshing native plugins compatible for Editor in 2.24 ms, found 4 plugins.
Preloading 0 native plugins for Editor in 0.00 ms.
Unloading 4433 Unused Serialized files (Serialized files now loaded: 0)
Unloading 27 unused Assets / (32.6 KB). Loaded Objects now: 4926.
Memory consumption went from 0.68 GB to 0.68 GB.
Total: 5.019200 ms (FindLiveObjects: 0.396000 ms CreateObjectMapping: 0.342100 ms MarkObjects: 4.138900 ms  DeleteObjects: 0.140800 ms)

AssetImportParameters requested are different than current active one (requested -> active):
  custom:video-decoder-ogg-theora: a1e56fd34408186e4bbccfd4996cb3dc -> 
  custom:container-muxer-webm: aa71ff27fc2769a1b78a27578f13a17b -> 
  custom:container-demuxer-webm: 4f35f7cbe854078d1ac9338744f61a02 -> 
  custom:video-encoder-webm-vp8: eb34c28f22e8b96e1ab97ce403110664 -> 
  custom:video-codec-MediaFoundation-h265: e54d7ab0439102e2317fc1e4b246158d -> 
  custom:audio-encoder-webm-vorbis: bf7c407c2cedff20999df2af8eb42d56 -> 
  custom:framework-win-MediaFoundation: 216162199b28c13a410421893ffa2e32 -> 
  custom:container-demuxer-ogg: 62fdf1f143b41e24485cea50d1cbac27 -> 
  custom:video-decoder-webm-vp8: 9c59270c3fd7afecdb556c50c9e8de78 -> 
  custom:audio-decoder-ogg-vorbis: bf7c407c2cedff20999df2af8eb42d56 -> 
========================================================================
Received Import Request.
  Time since last request: 2740.521500 seconds.
  path: Assets/Scripts/Collectable.cs
  artifactKey: Guid(aa93ef01ae6a8ab4eba5ecb4c9aeb7a5) Importer(815301076,1909f56bfc062723c751e8b465ee728b)
Start importing Assets/Scripts/Collectable.cs using Guid(aa93ef01ae6a8ab4eba5ecb4c9aeb7a5) Importer(815301076,1909f56bfc062723c751e8b465ee728b)  -> (artifact id: 'a7fcef101d43693f748cf7aa870fa1e8') in 0.003459 seconds 
========================================================================
Received Prepare
Registering precompiled user dll's ...
Registered in 0.005898 seconds.
Begin MonoManager ReloadAssembly
Symbol file LoadedFromMemory doesn't match image D:\Program Files (x86)\Unity Projects\Jim Rat\Library\PackageCache\com.unity.visualscripting@1.7.8\Editor\VisualScripting.Core\Dependencies\YamlDotNet\Unity.VisualScripting.YamlDotNet.dll
Symbol file LoadedFromMemory doesn't match image D:\Program Files (x86)\Unity Projects\Jim Rat\Library\PackageCache\com.unity.visualscripting@1.7.8\Editor\VisualScripting.Core\Dependencies\DotNetZip\Unity.VisualScripting.IonicZip.dll
Native extension for WindowsStandalone target not found
Refreshing native plugins compatible for Editor in 0.81 ms, found 4 plugins.
Preloading 0 native plugins for Editor in 0.00 ms.
Mono: successfully reloaded assembly
- Completed reload, in  1.249 seconds
Domain Reload Profiling:
	ReloadAssembly (1250ms)
		BeginReloadAssembly (185ms)
			ExecutionOrderSort (0ms)
			DisableScriptedObjects (8ms)
			BackupInstance (0ms)
			ReleaseScriptingObjects (0ms)
			CreateAndSetChildDomain (67ms)
		EndReloadAssembly (943ms)
			LoadAssemblies (94ms)
			RebuildTransferFunctionScriptingTraits (0ms)
			SetupTypeCache (279ms)
				TypeCache.Initialize (274ms)
					TypeCache.ScanAssembly (268ms)
				ResolveRequiredComponents (5ms)
			ReleaseScriptCaches (2ms)
			RebuildScriptCaches (48ms)
			SetupLoadedEditorAssemblies (458ms)
				LogAssemblyErrors (0ms)
				InitializePlatformSupportModulesInManaged (13ms)
				SetLoadedEditorAssemblies (6ms)
				RefreshPlugins (1ms)
				BeforeProcessingInitializeOnLoad (83ms)
				ProcessInitializeOnLoadAttributes (296ms)
				ProcessInitializeOnLoadMethodAttributes (48ms)
				AfterProcessingInitializeOnLoad (10ms)
				EditorAssembliesLoaded (1ms)
			ExecutionOrderSort2 (0ms)
			AwakeInstancesAfterBackupRestoration (14ms)
Platform modules already initialized, skipping
Refreshing native plugins compatible for Editor in 2.20 ms, found 4 plugins.
Preloading 0 native plugins for Editor in 0.00 ms.
Unloading 4430 Unused Serialized files (Serialized files now loaded: 0)
Unloading 29 unused Assets / (25.5 KB). Loaded Objects now: 4927.
Memory consumption went from 0.68 GB to 0.68 GB.
Total: 3.524300 ms (FindLiveObjects: 0.374300 ms CreateObjectMapping: 0.328600 ms MarkObjects: 2.790600 ms  DeleteObjects: 0.029800 ms)

AssetImportParameters requested are different than current active one (requested -> active):
  custom:video-decoder-ogg-theora: a1e56fd34408186e4bbccfd4996cb3dc -> 
  custom:container-muxer-webm: aa71ff27fc2769a1b78a27578f13a17b -> 
  custom:container-demuxer-webm: 4f35f7cbe854078d1ac9338744f61a02 -> 
  custom:video-encoder-webm-vp8: eb34c28f22e8b96e1ab97ce403110664 -> 
  custom:video-codec-MediaFoundation-h265: e54d7ab0439102e2317fc1e4b246158d -> 
  custom:audio-encoder-webm-vorbis: bf7c407c2cedff20999df2af8eb42d56 -> 
  custom:framework-win-MediaFoundation: 216162199b28c13a410421893ffa2e32 -> 
  custom:container-demuxer-ogg: 62fdf1f143b41e24485cea50d1cbac27 -> 
  custom:video-decoder-webm-vp8: 9c59270c3fd7afecdb556c50c9e8de78 -> 
  custom:audio-decoder-ogg-vorbis: bf7c407c2cedff20999df2af8eb42d56 -> 
========================================================================
Received Import Request.
  Time since last request: 17.481616 seconds.
  path: Assets/Scripts/ICollectable.cs
  artifactKey: Guid(8ea1d3dd2d14c8642b1ffa1113363a23) Importer(815301076,1909f56bfc062723c751e8b465ee728b)
Start importing Assets/Scripts/ICollectable.cs using Guid(8ea1d3dd2d14c8642b1ffa1113363a23) Importer(815301076,1909f56bfc062723c751e8b465ee728b)  -> (artifact id: 'c361251ecbe89f061726b8eca45743bf') in 0.006396 seconds 
========================================================================
Received Prepare
Registering precompiled user dll's ...
Registered in 0.004875 seconds.
Begin MonoManager ReloadAssembly
Symbol file LoadedFromMemory doesn't match image D:\Program Files (x86)\Unity Projects\Jim Rat\Library\PackageCache\com.unity.visualscripting@1.7.8\Editor\VisualScripting.Core\Dependencies\YamlDotNet\Unity.VisualScripting.YamlDotNet.dll
Symbol file LoadedFromMemory doesn't match image D:\Program Files (x86)\Unity Projects\Jim Rat\Library\PackageCache\com.unity.visualscripting@1.7.8\Editor\VisualScripting.Core\Dependencies\DotNetZip\Unity.VisualScripting.IonicZip.dll
Native extension for WindowsStandalone target not found
Refreshing native plugins compatible for Editor in 0.86 ms, found 4 plugins.
Preloading 0 native plugins for Editor in 0.00 ms.
Mono: successfully reloaded assembly
- Completed reload, in  1.252 seconds
Domain Reload Profiling:
	ReloadAssembly (1253ms)
		BeginReloadAssembly (162ms)
			ExecutionOrderSort (0ms)
			DisableScriptedObjects (7ms)
			BackupInstance (0ms)
			ReleaseScriptingObjects (0ms)
			CreateAndSetChildDomain (45ms)
		EndReloadAssembly (954ms)
			LoadAssemblies (103ms)
			RebuildTransferFunctionScriptingTraits (0ms)
			SetupTypeCache (321ms)
				TypeCache.Initialize (315ms)
					TypeCache.ScanAssembly (309ms)
				ResolveRequiredComponents (6ms)
			ReleaseScriptCaches (1ms)
			RebuildScriptCaches (55ms)
			SetupLoadedEditorAssemblies (420ms)
				LogAssemblyErrors (0ms)
				InitializePlatformSupportModulesInManaged (13ms)
				SetLoadedEditorAssemblies (7ms)
				RefreshPlugins (1ms)
				BeforeProcessingInitializeOnLoad (90ms)
				ProcessInitializeOnLoadAttributes (262ms)
				ProcessInitializeOnLoadMethodAttributes (37ms)
				AfterProcessingInitializeOnLoad (9ms)
				EditorAssembliesLoaded (0ms)
			ExecutionOrderSort2 (0ms)
			AwakeInstancesAfterBackupRestoration (8ms)
Platform modules already initialized, skipping
Refreshing native plugins compatible for Editor in 2.09 ms, found 4 plugins.
Preloading 0 native plugins for Editor in 0.00 ms.
Unloading 4431 Unused Serialized files (Serialized files now loaded: 0)
Unloading 27 unused Assets / (25.5 KB). Loaded Objects now: 4931.
Memory consumption went from 0.68 GB to 0.68 GB.
Total: 3.914200 ms (FindLiveObjects: 0.397500 ms CreateObjectMapping: 0.354600 ms MarkObjects: 3.124800 ms  DeleteObjects: 0.036500 ms)

AssetImportParameters requested are different than current active one (requested -> active):
  custom:video-decoder-ogg-theora: a1e56fd34408186e4bbccfd4996cb3dc -> 
  custom:container-muxer-webm: aa71ff27fc2769a1b78a27578f13a17b -> 
  custom:container-demuxer-webm: 4f35f7cbe854078d1ac9338744f61a02 -> 
  custom:video-encoder-webm-vp8: eb34c28f22e8b96e1ab97ce403110664 -> 
  custom:video-codec-MediaFoundation-h265: e54d7ab0439102e2317fc1e4b246158d -> 
  custom:audio-encoder-webm-vorbis: bf7c407c2cedff20999df2af8eb42d56 -> 
  custom:framework-win-MediaFoundation: 216162199b28c13a410421893ffa2e32 -> 
  custom:container-demuxer-ogg: 62fdf1f143b41e24485cea50d1cbac27 -> 
  custom:video-decoder-webm-vp8: 9c59270c3fd7afecdb556c50c9e8de78 -> 
  custom:audio-decoder-ogg-vorbis: bf7c407c2cedff20999df2af8eb42d56 -> 
========================================================================
Received Import Request.
  Time since last request: 39.300476 seconds.
  path: Assets/Scripts/ICollectable.cs
  artifactKey: Guid(8ea1d3dd2d14c8642b1ffa1113363a23) Importer(815301076,1909f56bfc062723c751e8b465ee728b)
Start importing Assets/Scripts/ICollectable.cs using Guid(8ea1d3dd2d14c8642b1ffa1113363a23) Importer(815301076,1909f56bfc062723c751e8b465ee728b)  -> (artifact id: 'dff5c5a5ac4b16084e905364807ad34b') in 0.006556 seconds 
========================================================================
Received Prepare
Registering precompiled user dll's ...
Registered in 0.005413 seconds.
Begin MonoManager ReloadAssembly
Symbol file LoadedFromMemory doesn't match image D:\Program Files (x86)\Unity Projects\Jim Rat\Library\PackageCache\com.unity.visualscripting@1.7.8\Editor\VisualScripting.Core\Dependencies\YamlDotNet\Unity.VisualScripting.YamlDotNet.dll
Symbol file LoadedFromMemory doesn't match image D:\Program Files (x86)\Unity Projects\Jim Rat\Library\PackageCache\com.unity.visualscripting@1.7.8\Editor\VisualScripting.Core\Dependencies\DotNetZip\Unity.VisualScripting.IonicZip.dll
Native extension for WindowsStandalone target not found
Refreshing native plugins compatible for Editor in 0.82 ms, found 4 plugins.
Preloading 0 native plugins for Editor in 0.00 ms.
Mono: successfully reloaded assembly
- Completed reload, in  1.246 seconds
Domain Reload Profiling:
	ReloadAssembly (1247ms)
		BeginReloadAssembly (167ms)
			ExecutionOrderSort (0ms)
			DisableScriptedObjects (7ms)
			BackupInstance (0ms)
			ReleaseScriptingObjects (0ms)
			CreateAndSetChildDomain (39ms)
		EndReloadAssembly (937ms)
			LoadAssemblies (118ms)
			RebuildTransferFunctionScriptingTraits (0ms)
			SetupTypeCache (337ms)
				TypeCache.Initialize (328ms)
					TypeCache.ScanAssembly (319ms)
				ResolveRequiredComponents (8ms)
			ReleaseScriptCaches (2ms)
			RebuildScriptCaches (50ms)
			SetupLoadedEditorAssemblies (402ms)
				LogAssemblyErrors (0ms)
				InitializePlatformSupportModulesInManaged (13ms)
				SetLoadedEditorAssemblies (7ms)
				RefreshPlugins (1ms)
				BeforeProcessingInitializeOnLoad (71ms)
				ProcessInitializeOnLoadAttributes (266ms)
				ProcessInitializeOnLoadMethodAttributes (36ms)
				AfterProcessingInitializeOnLoad (8ms)
				EditorAssembliesLoaded (0ms)
			ExecutionOrderSort2 (0ms)
			AwakeInstancesAfterBackupRestoration (8ms)
Platform modules already initialized, skipping
Refreshing native plugins compatible for Editor in 2.01 ms, found 4 plugins.
Preloading 0 native plugins for Editor in 0.00 ms.
Unloading 4431 Unused Serialized files (Serialized files now loaded: 0)
Unloading 27 unused Assets / (25.5 KB). Loaded Objects now: 4934.
Memory consumption went from 0.68 GB to 0.68 GB.
Total: 3.659500 ms (FindLiveObjects: 0.581600 ms CreateObjectMapping: 0.547500 ms MarkObjects: 2.494200 ms  DeleteObjects: 0.035300 ms)

AssetImportParameters requested are different than current active one (requested -> active):
  custom:video-decoder-ogg-theora: a1e56fd34408186e4bbccfd4996cb3dc -> 
  custom:container-muxer-webm: aa71ff27fc2769a1b78a27578f13a17b -> 
  custom:container-demuxer-webm: 4f35f7cbe854078d1ac9338744f61a02 -> 
  custom:video-encoder-webm-vp8: eb34c28f22e8b96e1ab97ce403110664 -> 
  custom:video-codec-MediaFoundation-h265: e54d7ab0439102e2317fc1e4b246158d -> 
  custom:audio-encoder-webm-vorbis: bf7c407c2cedff20999df2af8eb42d56 -> 
  custom:framework-win-MediaFoundation: 216162199b28c13a410421893ffa2e32 -> 
  custom:container-demuxer-ogg: 62fdf1f143b41e24485cea50d1cbac27 -> 
  custom:video-decoder-webm-vp8: 9c59270c3fd7afecdb556c50c9e8de78 -> 
  custom:audio-decoder-ogg-vorbis: bf7c407c2cedff20999df2af8eb42d56 -> 
========================================================================
Received Import Request.
  Time since last request: 10.786774 seconds.
  path: Assets/Scripts/ICollectable.cs
  artifactKey: Guid(8ea1d3dd2d14c8642b1ffa1113363a23) Importer(815301076,1909f56bfc062723c751e8b465ee728b)
Start importing Assets/Scripts/ICollectable.cs using Guid(8ea1d3dd2d14c8642b1ffa1113363a23) Importer(815301076,1909f56bfc062723c751e8b465ee728b)  -> (artifact id: '32173894d8915d9b6fa41e2de5debfa2') in 0.003879 seconds 
========================================================================
Received Prepare
Registering precompiled user dll's ...
Registered in 0.004525 seconds.
Begin MonoManager ReloadAssembly
Symbol file LoadedFromMemory doesn't match image D:\Program Files (x86)\Unity Projects\Jim Rat\Library\PackageCache\com.unity.visualscripting@1.7.8\Editor\VisualScripting.Core\Dependencies\YamlDotNet\Unity.VisualScripting.YamlDotNet.dll
Symbol file LoadedFromMemory doesn't match image D:\Program Files (x86)\Unity Projects\Jim Rat\Library\PackageCache\com.unity.visualscripting@1.7.8\Editor\VisualScripting.Core\Dependencies\DotNetZip\Unity.VisualScripting.IonicZip.dll
Native extension for WindowsStandalone target not found
Refreshing native plugins compatible for Editor in 0.86 ms, found 4 plugins.
Preloading 0 native plugins for Editor in 0.00 ms.
Mono: successfully reloaded assembly
- Completed reload, in  1.209 seconds
Domain Reload Profiling:
	ReloadAssembly (1209ms)
		BeginReloadAssembly (188ms)
			ExecutionOrderSort (0ms)
			DisableScriptedObjects (11ms)
			BackupInstance (0ms)
			ReleaseScriptingObjects (0ms)
			CreateAndSetChildDomain (51ms)
		EndReloadAssembly (886ms)
			LoadAssemblies (125ms)
			RebuildTransferFunctionScriptingTraits (0ms)
			SetupTypeCache (271ms)
				TypeCache.Initialize (266ms)
					TypeCache.ScanAssembly (260ms)
				ResolveRequiredComponents (5ms)
			ReleaseScriptCaches (2ms)
			RebuildScriptCaches (47ms)
			SetupLoadedEditorAssemblies (399ms)
				LogAssemblyErrors (0ms)
				InitializePlatformSupportModulesInManaged (13ms)
				SetLoadedEditorAssemblies (7ms)
				RefreshPlugins (1ms)
				BeforeProcessingInitializeOnLoad (78ms)
				ProcessInitializeOnLoadAttributes (254ms)
				ProcessInitializeOnLoadMethodAttributes (37ms)
				AfterProcessingInitializeOnLoad (8ms)
				EditorAssembliesLoaded (0ms)
			ExecutionOrderSort2 (0ms)
			AwakeInstancesAfterBackupRestoration (8ms)
Platform modules already initialized, skipping
Refreshing native plugins compatible for Editor in 6.08 ms, found 4 plugins.
Preloading 0 native plugins for Editor in 0.00 ms.
Unloading 4431 Unused Serialized files (Serialized files now loaded: 0)
Unloading 27 unused Assets / (26.5 KB). Loaded Objects now: 4937.
Memory consumption went from 0.68 GB to 0.68 GB.
Total: 5.277000 ms (FindLiveObjects: 0.393900 ms CreateObjectMapping: 0.425200 ms MarkObjects: 4.403700 ms  DeleteObjects: 0.053300 ms)

AssetImportParameters requested are different than current active one (requested -> active):
  custom:video-decoder-ogg-theora: a1e56fd34408186e4bbccfd4996cb3dc -> 
  custom:container-muxer-webm: aa71ff27fc2769a1b78a27578f13a17b -> 
  custom:container-demuxer-webm: 4f35f7cbe854078d1ac9338744f61a02 -> 
  custom:video-encoder-webm-vp8: eb34c28f22e8b96e1ab97ce403110664 -> 
  custom:video-codec-MediaFoundation-h265: e54d7ab0439102e2317fc1e4b246158d -> 
  custom:audio-encoder-webm-vorbis: bf7c407c2cedff20999df2af8eb42d56 -> 
  custom:framework-win-MediaFoundation: 216162199b28c13a410421893ffa2e32 -> 
  custom:container-demuxer-ogg: 62fdf1f143b41e24485cea50d1cbac27 -> 
  custom:video-decoder-webm-vp8: 9c59270c3fd7afecdb556c50c9e8de78 -> 
  custom:audio-decoder-ogg-vorbis: bf7c407c2cedff20999df2af8eb42d56 -> 
========================================================================
Received Import Request.
  Time since last request: 256.533983 seconds.
  path: Assets/Scripts/Coin.cs
  artifactKey: Guid(ce3d7425bf98c3145957990362c49be7) Importer(815301076,1909f56bfc062723c751e8b465ee728b)
Start importing Assets/Scripts/Coin.cs using Guid(ce3d7425bf98c3145957990362c49be7) Importer(815301076,1909f56bfc062723c751e8b465ee728b)  -> (artifact id: 'fddcdf8de05806f97a40783e9a03009c') in 0.002909 seconds 
========================================================================
Received Prepare
Registering precompiled user dll's ...
Registered in 0.004084 seconds.
Begin MonoManager ReloadAssembly
Symbol file LoadedFromMemory doesn't match image D:\Program Files (x86)\Unity Projects\Jim Rat\Library\PackageCache\com.unity.visualscripting@1.7.8\Editor\VisualScripting.Core\Dependencies\YamlDotNet\Unity.VisualScripting.YamlDotNet.dll
Symbol file LoadedFromMemory doesn't match image D:\Program Files (x86)\Unity Projects\Jim Rat\Library\PackageCache\com.unity.visualscripting@1.7.8\Editor\VisualScripting.Core\Dependencies\DotNetZip\Unity.VisualScripting.IonicZip.dll
Native extension for WindowsStandalone target not found
Refreshing native plugins compatible for Editor in 1.19 ms, found 4 plugins.
Preloading 0 native plugins for Editor in 0.00 ms.
Mono: successfully reloaded assembly
- Completed reload, in  1.335 seconds
Domain Reload Profiling:
	ReloadAssembly (1336ms)
		BeginReloadAssembly (205ms)
			ExecutionOrderSort (0ms)
			DisableScriptedObjects (7ms)
			BackupInstance (0ms)
			ReleaseScriptingObjects (0ms)
			CreateAndSetChildDomain (52ms)
		EndReloadAssembly (988ms)
			LoadAssemblies (149ms)
			RebuildTransferFunctionScriptingTraits (0ms)
			SetupTypeCache (345ms)
				TypeCache.Initialize (339ms)
					TypeCache.ScanAssembly (330ms)
				ResolveRequiredComponents (6ms)
			ReleaseScriptCaches (1ms)
			RebuildScriptCaches (68ms)
			SetupLoadedEditorAssemblies (393ms)
				LogAssemblyErrors (0ms)
				InitializePlatformSupportModulesInManaged (12ms)
				SetLoadedEditorAssemblies (7ms)
				RefreshPlugins (1ms)
				BeforeProcessingInitializeOnLoad (72ms)
				ProcessInitializeOnLoadAttributes (259ms)
				ProcessInitializeOnLoadMethodAttributes (33ms)
				AfterProcessingInitializeOnLoad (9ms)
				EditorAssembliesLoaded (0ms)
			ExecutionOrderSort2 (0ms)
			AwakeInstancesAfterBackupRestoration (7ms)
Platform modules already initialized, skipping
Refreshing native plugins compatible for Editor in 2.39 ms, found 4 plugins.
Preloading 0 native plugins for Editor in 0.00 ms.
Unloading 4432 Unused Serialized files (Serialized files now loaded: 0)
Unloading 27 unused Assets / (25.4 KB). Loaded Objects now: 4941.
Memory consumption went from 0.68 GB to 0.68 GB.
Total: 3.570700 ms (FindLiveObjects: 0.400700 ms CreateObjectMapping: 0.356600 ms MarkObjects: 2.770100 ms  DeleteObjects: 0.042400 ms)

AssetImportParameters requested are different than current active one (requested -> active):
  custom:video-decoder-ogg-theora: a1e56fd34408186e4bbccfd4996cb3dc -> 
  custom:container-muxer-webm: aa71ff27fc2769a1b78a27578f13a17b -> 
  custom:container-demuxer-webm: 4f35f7cbe854078d1ac9338744f61a02 -> 
  custom:video-encoder-webm-vp8: eb34c28f22e8b96e1ab97ce403110664 -> 
  custom:video-codec-MediaFoundation-h265: e54d7ab0439102e2317fc1e4b246158d -> 
  custom:audio-encoder-webm-vorbis: bf7c407c2cedff20999df2af8eb42d56 -> 
  custom:framework-win-MediaFoundation: 216162199b28c13a410421893ffa2e32 -> 
  custom:container-demuxer-ogg: 62fdf1f143b41e24485cea50d1cbac27 -> 
  custom:video-decoder-webm-vp8: 9c59270c3fd7afecdb556c50c9e8de78 -> 
  custom:audio-decoder-ogg-vorbis: bf7c407c2cedff20999df2af8eb42d56 -> 
========================================================================
Received Import Request.
  Time since last request: 83.163444 seconds.
  path: Assets/Scripts/Coin.cs
  artifactKey: Guid(ce3d7425bf98c3145957990362c49be7) Importer(815301076,1909f56bfc062723c751e8b465ee728b)
Start importing Assets/Scripts/Coin.cs using Guid(ce3d7425bf98c3145957990362c49be7) Importer(815301076,1909f56bfc062723c751e8b465ee728b)  -> (artifact id: '246c84db93742e2bfd66c66abb568950') in 0.003373 seconds 
========================================================================
Received Prepare
Registering precompiled user dll's ...
Registered in 0.006133 seconds.
Begin MonoManager ReloadAssembly
Symbol file LoadedFromMemory doesn't match image D:\Program Files (x86)\Unity Projects\Jim Rat\Library\PackageCache\com.unity.visualscripting@1.7.8\Editor\VisualScripting.Core\Dependencies\YamlDotNet\Unity.VisualScripting.YamlDotNet.dll
Symbol file LoadedFromMemory doesn't match image D:\Program Files (x86)\Unity Projects\Jim Rat\Library\PackageCache\com.unity.visualscripting@1.7.8\Editor\VisualScripting.Core\Dependencies\DotNetZip\Unity.VisualScripting.IonicZip.dll
Native extension for WindowsStandalone target not found
Refreshing native plugins compatible for Editor in 1.20 ms, found 4 plugins.
Preloading 0 native plugins for Editor in 0.00 ms.
Mono: successfully reloaded assembly
- Completed reload, in  1.170 seconds
Domain Reload Profiling:
	ReloadAssembly (1171ms)
		BeginReloadAssembly (167ms)
			ExecutionOrderSort (0ms)
			DisableScriptedObjects (8ms)
			BackupInstance (0ms)
			ReleaseScriptingObjects (0ms)
			CreateAndSetChildDomain (51ms)
		EndReloadAssembly (894ms)
			LoadAssemblies (103ms)
			RebuildTransferFunctionScriptingTraits (0ms)
			SetupTypeCache (277ms)
				TypeCache.Initialize (270ms)
					TypeCache.ScanAssembly (264ms)
				ResolveRequiredComponents (7ms)
			ReleaseScriptCaches (1ms)
			RebuildScriptCaches (50ms)
			SetupLoadedEditorAssemblies (410ms)
				LogAssemblyErrors (0ms)
				InitializePlatformSupportModulesInManaged (13ms)
				SetLoadedEditorAssemblies (8ms)
				RefreshPlugins (1ms)
				BeforeProcessingInitializeOnLoad (74ms)
				ProcessInitializeOnLoadAttributes (269ms)
				ProcessInitializeOnLoadMethodAttributes (36ms)
				AfterProcessingInitializeOnLoad (8ms)
				EditorAssembliesLoaded (0ms)
			ExecutionOrderSort2 (0ms)
			AwakeInstancesAfterBackupRestoration (8ms)
Platform modules already initialized, skipping
Refreshing native plugins compatible for Editor in 5.13 ms, found 4 plugins.
Preloading 0 native plugins for Editor in 0.00 ms.
Unloading 4432 Unused Serialized files (Serialized files now loaded: 0)
Unloading 27 unused Assets / (25.5 KB). Loaded Objects now: 4944.
Memory consumption went from 0.68 GB to 0.68 GB.
Total: 3.514500 ms (FindLiveObjects: 0.430500 ms CreateObjectMapping: 0.370500 ms MarkObjects: 2.563500 ms  DeleteObjects: 0.148700 ms)

AssetImportParameters requested are different than current active one (requested -> active):
  custom:video-decoder-ogg-theora: a1e56fd34408186e4bbccfd4996cb3dc -> 
  custom:container-muxer-webm: aa71ff27fc2769a1b78a27578f13a17b -> 
  custom:container-demuxer-webm: 4f35f7cbe854078d1ac9338744f61a02 -> 
  custom:video-encoder-webm-vp8: eb34c28f22e8b96e1ab97ce403110664 -> 
  custom:video-codec-MediaFoundation-h265: e54d7ab0439102e2317fc1e4b246158d -> 
  custom:audio-encoder-webm-vorbis: bf7c407c2cedff20999df2af8eb42d56 -> 
  custom:framework-win-MediaFoundation: 216162199b28c13a410421893ffa2e32 -> 
  custom:container-demuxer-ogg: 62fdf1f143b41e24485cea50d1cbac27 -> 
  custom:video-decoder-webm-vp8: 9c59270c3fd7afecdb556c50c9e8de78 -> 
  custom:audio-decoder-ogg-vorbis: bf7c407c2cedff20999df2af8eb42d56 -> 
========================================================================
Received Import Request.
  Time since last request: 21.753125 seconds.
  path: Assets/Scripts/Coin.cs
  artifactKey: Guid(ce3d7425bf98c3145957990362c49be7) Importer(815301076,1909f56bfc062723c751e8b465ee728b)
Start importing Assets/Scripts/Coin.cs using Guid(ce3d7425bf98c3145957990362c49be7) Importer(815301076,1909f56bfc062723c751e8b465ee728b)  -> (artifact id: '2d5f16bd108f44d02b021c825bd3057c') in 0.003514 seconds 
========================================================================
Received Prepare
Registering precompiled user dll's ...
Registered in 0.004812 seconds.
Begin MonoManager ReloadAssembly
Symbol file LoadedFromMemory doesn't match image D:\Program Files (x86)\Unity Projects\Jim Rat\Library\PackageCache\com.unity.visualscripting@1.7.8\Editor\VisualScripting.Core\Dependencies\YamlDotNet\Unity.VisualScripting.YamlDotNet.dll
Symbol file LoadedFromMemory doesn't match image D:\Program Files (x86)\Unity Projects\Jim Rat\Library\PackageCache\com.unity.visualscripting@1.7.8\Editor\VisualScripting.Core\Dependencies\DotNetZip\Unity.VisualScripting.IonicZip.dll
Native extension for WindowsStandalone target not found
Refreshing native plugins compatible for Editor in 0.84 ms, found 4 plugins.
Preloading 0 native plugins for Editor in 0.00 ms.
Mono: successfully reloaded assembly
- Completed reload, in  1.125 seconds
Domain Reload Profiling:
	ReloadAssembly (1126ms)
		BeginReloadAssembly (149ms)
			ExecutionOrderSort (0ms)
			DisableScriptedObjects (8ms)
			BackupInstance (0ms)
			ReleaseScriptingObjects (0ms)
			CreateAndSetChildDomain (38ms)
		EndReloadAssembly (862ms)
			LoadAssemblies (103ms)
			RebuildTransferFunctionScriptingTraits (0ms)
			SetupTypeCache (273ms)
				TypeCache.Initialize (269ms)
					TypeCache.ScanAssembly (263ms)
				ResolveRequiredComponents (5ms)
			ReleaseScriptCaches (1ms)
			RebuildScriptCaches (46ms)
			SetupLoadedEditorAssemblies (391ms)
				LogAssemblyErrors (0ms)
				InitializePlatformSupportModulesInManaged (12ms)
				SetLoadedEditorAssemblies (9ms)
				RefreshPlugins (1ms)
				BeforeProcessingInitializeOnLoad (75ms)
				ProcessInitializeOnLoadAttributes (248ms)
				ProcessInitializeOnLoadMethodAttributes (37ms)
				AfterProcessingInitializeOnLoad (9ms)
				EditorAssembliesLoaded (0ms)
			ExecutionOrderSort2 (0ms)
			AwakeInstancesAfterBackupRestoration (11ms)
Platform modules already initialized, skipping
Refreshing native plugins compatible for Editor in 2.68 ms, found 4 plugins.
Preloading 0 native plugins for Editor in 0.00 ms.
Unloading 4432 Unused Serialized files (Serialized files now loaded: 0)
Unloading 27 unused Assets / (25.4 KB). Loaded Objects now: 4947.
Memory consumption went from 0.68 GB to 0.68 GB.
Total: 3.401700 ms (FindLiveObjects: 0.366300 ms CreateObjectMapping: 0.344500 ms MarkObjects: 2.665500 ms  DeleteObjects: 0.024700 ms)

AssetImportParameters requested are different than current active one (requested -> active):
  custom:video-decoder-ogg-theora: a1e56fd34408186e4bbccfd4996cb3dc -> 
  custom:container-muxer-webm: aa71ff27fc2769a1b78a27578f13a17b -> 
  custom:container-demuxer-webm: 4f35f7cbe854078d1ac9338744f61a02 -> 
  custom:video-encoder-webm-vp8: eb34c28f22e8b96e1ab97ce403110664 -> 
  custom:video-codec-MediaFoundation-h265: e54d7ab0439102e2317fc1e4b246158d -> 
  custom:audio-encoder-webm-vorbis: bf7c407c2cedff20999df2af8eb42d56 -> 
  custom:framework-win-MediaFoundation: 216162199b28c13a410421893ffa2e32 -> 
  custom:container-demuxer-ogg: 62fdf1f143b41e24485cea50d1cbac27 -> 
  custom:video-decoder-webm-vp8: 9c59270c3fd7afecdb556c50c9e8de78 -> 
  custom:audio-decoder-ogg-vorbis: bf7c407c2cedff20999df2af8eb42d56 -> 
